<?xml version="1.0" encoding="UTF-8"?>
<testng-results ignored="0" total="1" passed="1" failed="0" skipped="0">
  <reporter-output>
  </reporter-output>
  <suite started-at="2024-03-03T21:15:48 IST" name="Default suite" finished-at="2024-03-03T21:15:59 IST" duration-ms="11084">
    <groups>
      <group name="cucumber">
        <method signature="AbstractTestNGCucumberTests.runScenario(io.cucumber.testng.PickleWrapper,io.cucumber.testng.FeatureWrapper)[pri:0, instance:cucumberOptions.TestNGTestRunner@4b45a2f5]" name="runScenario" class="io.cucumber.testng.AbstractTestNGCucumberTests"/>
      </group> <!-- cucumber -->
    </groups>
    <test started-at="2024-03-03T21:15:48 IST" name="Default test" finished-at="2024-03-03T21:15:59 IST" duration-ms="11084">
      <class name="cucumberOptions.TestNGTestRunner">
        <test-method is-config="true" signature="setUpClass(org.testng.ITestContext)[pri:0, instance:cucumberOptions.TestNGTestRunner@4b45a2f5]" started-at="2024-03-03T21:15:48 IST" name="setUpClass" finished-at="2024-03-03T21:15:48 IST" duration-ms="392" status="PASS">
          <params>
            <param index="0">
              <value>
                <![CDATA[org.testng.TestRunner@74f827ad]]>
              </value>
            </param>
          </params>
          <reporter-output>
          </reporter-output>
        </test-method> <!-- setUpClass -->
        <test-method signature="runScenario(io.cucumber.testng.PickleWrapper,io.cucumber.testng.FeatureWrapper)[pri:0, instance:cucumberOptions.TestNGTestRunner@4b45a2f5]" started-at="2024-03-03T21:15:48 IST" name="runScenario" description="Runs Cucumber Scenarios" data-provider="scenarios" finished-at="2024-03-03T21:15:59 IST" duration-ms="10630" status="PASS">
          <params>
            <param index="0">
              <value>
                <![CDATA["Verify successfull registration of user"]]>
              </value>
            </param>
            <param index="1">
              <value>
                <![CDATA["Optional[New User Registration]"]]>
              </value>
            </param>
          </params>
          <reporter-output>
          </reporter-output>
        </test-method> <!-- runScenario -->
        <test-method is-config="true" signature="tearDownClass()[pri:0, instance:cucumberOptions.TestNGTestRunner@4b45a2f5]" started-at="2024-03-03T21:15:59 IST" name="tearDownClass" finished-at="2024-03-03T21:15:59 IST" duration-ms="7" status="PASS">
          <reporter-output>
          </reporter-output>
        </test-method> <!-- tearDownClass -->
      </class> <!-- cucumberOptions.TestNGTestRunner -->
    </test> <!-- Default test -->
  </suite> <!-- Default suite -->
</testng-results>
